<?xml version="1.0" encoding="UTF-8"?>
<testsuite name="com.trello.qa.TeamCreationTest" tests="1" skipped="0" failures="0" errors="0" timestamp="2019-09-19T20:26:15" hostname="DESKTOP-7T33ROT" time="9.866">
  <properties/>
  <testcase name="testTeamCreationFromPlusButtonOnHeader" classname="com.trello.qa.TeamCreationTest" time="9.866"/>
  <system-out><![CDATA[]]></system-out>
  <system-err><![CDATA[Starting ChromeDriver 76.0.3809.68 (420c9498db8ce8fcd190a954d51297672c1515d5-refs/branch-heads/3809@{#864}) on port 36708
Only local connections are allowed.
Please protect ports used by ChromeDriver and related test frameworks to prevent access by malicious code.
[1568924760.090][WARNING]: Timed out connecting to Chrome, retrying...
Sep 19, 2019 11:26:02 PM org.openqa.selenium.remote.ProtocolHandshake createSession
INFO: Detected dialect: W3C
[1568924764.141][WARNING]: Timed out connecting to Chrome, retrying...
]]></system-err>
</testsuite>
