<?xml version="1.0" encoding="UTF-8"?>
<testsuite name="com.trello.qa.tests.BoardDeletionTests" tests="1" skipped="0" failures="0" errors="0" timestamp="2019-10-07T15:15:40" hostname="DESKTOP-7T33ROT" time="87.623">
  <properties/>
  <testcase name="deletionBoardTest" classname="com.trello.qa.tests.BoardDeletionTests" time="87.623"/>
  <system-out><![CDATA[hidden
]]></system-out>
  <system-err><![CDATA[]]></system-err>
</testsuite>
