<?xml version="1.0" encoding="UTF-8"?>
<testsuite name="com.trello.qa.BoardCreationTests" tests="2" skipped="0" failures="0" errors="0" timestamp="2019-09-21T07:39:08" hostname="DESKTOP-7T33ROT" time="223.552">
  <properties/>
  <testcase name="testBoardCreationFromBoardButtonOnLeftHeader" classname="com.trello.qa.BoardCreationTests" time="112.012"/>
  <testcase name="testBoardCreationFromPlusButtonOnHeader" classname="com.trello.qa.BoardCreationTests" time="111.528"/>
  <system-out><![CDATA[]]></system-out>
  <system-err><![CDATA[Starting ChromeDriver 76.0.3809.68 (420c9498db8ce8fcd190a954d51297672c1515d5-refs/branch-heads/3809@{#864}) on port 21191
Only local connections are allowed.
Please protect ports used by ChromeDriver and related test frameworks to prevent access by malicious code.
[1569051536.638][WARNING]: Timed out connecting to Chrome, retrying...
Sep 21, 2019 10:38:58 AM org.openqa.selenium.remote.ProtocolHandshake createSession
INFO: Detected dialect: W3C
[1569051540.791][WARNING]: Timed out connecting to Chrome, retrying...
]]></system-err>
</testsuite>
