<?xml version="1.0" encoding="UTF-8"?>
<testsuite name="com.trello.qa.tests.BoardModificationTests" tests="1" skipped="0" failures="0" errors="0" timestamp="2019-10-02T10:35:23" hostname="DESKTOP-7T33ROT" time="52.628">
  <properties/>
  <testcase name="changeBoardName" classname="com.trello.qa.tests.BoardModificationTests" time="52.628"/>
  <system-out><![CDATA[]]></system-out>
  <system-err><![CDATA[]]></system-err>
</testsuite>
