<?xml version="1.0" encoding="UTF-8"?>
<testsuite name="com.trello.qa.TeamCreationTests" tests="2" skipped="0" failures="0" errors="0" timestamp="2019-09-21T09:57:44" hostname="DESKTOP-7T33ROT" time="66.013">
  <properties/>
  <testcase name="testTeamCreationFromLeftNavMenu" classname="com.trello.qa.TeamCreationTests" time="33.215"/>
  <testcase name="testTeamCreationFromPlusButtonOnHeader" classname="com.trello.qa.TeamCreationTests" time="32.794"/>
  <system-out><![CDATA[]]></system-out>
  <system-err><![CDATA[Starting ChromeDriver 76.0.3809.68 (420c9498db8ce8fcd190a954d51297672c1515d5-refs/branch-heads/3809@{#864}) on port 13036
Only local connections are allowed.
Please protect ports used by ChromeDriver and related test frameworks to prevent access by malicious code.
[1569059851.695][WARNING]: Timed out connecting to Chrome, retrying...
Sep 21, 2019 12:57:33 PM org.openqa.selenium.remote.ProtocolHandshake createSession
INFO: Detected dialect: W3C
[1569059855.757][WARNING]: Timed out connecting to Chrome, retrying...
]]></system-err>
</testsuite>
